▲ Next.js 16.1.6 (Turbopack)
- Local:         http://localhost:3050
- Network:       http://192.168.31.216:3050
- Environments: .env.local

✓ Starting...
✓ Ready in 13.3s
○ Compiling / ...
 GET /api/admin/order 404 in 39.6s (compile: 32.7s, render: 6.9s)
 GET /api/auth/session 404 in 39.5s (compile: 32.4s, render: 7.1s)
 GET /manifest.webmanifest 200 in 1890ms (compile: 1829ms, render: 61ms)
 GET /api/admin/order 404 in 9.3s (compile: 6.9s, render: 2.5s)
 GET /api/auth/session 404 in 3.3s (compile: 2.2s, render: 1036ms)
 POST /api/auth/_log 404 in 2.2s (compile: 1163ms, render: 1004ms)
🍃 Mongo Connection Established
 GET /setup 200 in 45s (compile: 12.8s, render: 31.7s)
 POST /api/auth/_log 404 in 2.1s (compile: 1150ms, render: 905ms)
 POST /api/auth/_log 404 in 2.1s (compile: 1014ms, render: 1050ms)
 GET / 200 in 48s (compile: 32.3s, render: 16.0s)
 GET / 200 in 48s (compile: 19.5s, render: 28.7s)
{ status: 401, message: 'Admin access required' }
 GET /api/admin 401 in 598ms (compile: 203ms, render: 395ms)
 GET /api/auth/session 404 in 8.3s (compile: 1496ms, render: 6.8s)
 GET /api/admin 200 in 16.4s (compile: 3.2s, render: 13.2s)
 GET /api/order/stream 404 in 2.4s (compile: 941ms, render: 1440ms)
 GET /api/order/stream 404 in 2.8s (compile: 1070ms, render: 1762ms)
 GET /api/admin 200 in 1897ms (compile: 498ms, render: 1399ms)
 GET /api/auth/session 404 in 6.9s (compile: 374ms, render: 6.5s)
 GET /api/auth/session 404 in 6.1s (compile: 958ms, render: 5.1s)
 GET /api/admin/order 404 in 6.4s (compile: 690ms, render: 5.7s)
 GET /api/admin/order 404 in 6.4s (compile: 875ms, render: 5.5s)
 GET /api/auth/session 404 in 6.2s (compile: 1849ms, render: 4.3s)
 GET /api/auth/session 404 in 4.7s (compile: 988ms, render: 3.7s)
 GET /api/admin/order 404 in 4.3s (compile: 993ms, render: 3.3s)
 GET /api/admin/order 404 in 4.3s (compile: 1119ms, render: 3.1s)
 GET /api/admin/order 404 in 3.4s (compile: 82ms, render: 3.3s)
 GET /api/admin/order 404 in 3.5s (compile: 772ms, render: 2.7s)
 GET /api/auth/session 404 in 1776ms (compile: 302ms, render: 1474ms)
 POST /api/auth/_log 404 in 1573ms (compile: 478ms, render: 1095ms)
 GET /api/auth/session 404 in 1621ms (compile: 34ms, render: 1587ms)
 POST /api/auth/_log 404 in 1486ms (compile: 50ms, render: 1436ms)
 POST /api/auth/_log 404 in 725ms (compile: 244ms, render: 482ms)
 POST /api/auth/_log 404 in 732ms (compile: 71ms, render: 661ms)
 POST /api/auth/_log 404 in 688ms (compile: 412ms, render: 276ms)
 POST /api/auth/_log 404 in 921ms (compile: 24ms, render: 897ms)
 GET /api/admin/order 404 in 1047ms (compile: 43ms, render: 1004ms)
 GET /api/admin/order 404 in 1891ms (compile: 379ms, render: 1511ms)
 GET /api/admin/order 404 in 1832ms (compile: 1015ms, render: 817ms)
○ Compiling /api/health ...
 GET /api/health 503 in 9.4s (compile: 9.3s, render: 142ms)
 GET /api/admin/order 404 in 1957ms (compile: 767ms, render: 1190ms)
 GET /api/admin/order 404 in 608ms (compile: 75ms, render: 533ms)
 GET /api/admin/order 404 in 661ms (compile: 29ms, render: 632ms)
 GET / 200 in 385ms (compile: 49ms, render: 336ms)
 GET /api/admin/order 404 in 357ms (compile: 139ms, render: 217ms)
 GET /api/admin/order 404 in 251ms (compile: 43ms, render: 208ms)
 GET /api/admin/order 404 in 1251ms (compile: 630ms, render: 621ms)
 GET /api/admin 200 in 1523ms (compile: 97ms, render: 1426ms)
 GET /api/admin/order 404 in 1086ms (compile: 98ms, render: 989ms)
 GET /api/admin/order 404 in 585ms (compile: 77ms, render: 508ms)
 GET /api/admin 200 in 983ms (compile: 48ms, render: 934ms)
○ Compiling /api/baseProfile ...
 GET /api/admin/order 404 in 449ms (compile: 94ms, render: 355ms)
{ status: 404, message: 'Account not found' }
 GET /api/baseProfile?email=admin@spiceroute.com 404 in 11.1s (compile: 11.0s, render: 145ms)
 GET /api/admin/order 404 in 161ms (compile: 28ms, render: 133ms)
{ status: 401, message: 'Admin access required' }
 GET /api/admin 401 in 156ms (compile: 14ms, render: 142ms)
 GET /api/admin 200 in 940ms (compile: 315ms, render: 625ms)
 GET /api/admin/order 404 in 1244ms (compile: 263ms, render: 980ms)
 GET /api/admin/order 404 in 1022ms (compile: 488ms, render: 535ms)
 GET / 200 in 750ms (compile: 48ms, render: 702ms)
 GET /manifest.webmanifest 200 in 72ms (compile: 41ms, render: 31ms)
 GET /api/admin 200 in 915ms (compile: 213ms, render: 702ms)
 GET /api/order/stream 404 in 675ms (compile: 375ms, render: 300ms)
 GET /api/auth/session 404 in 2.1s (compile: 155ms, render: 1934ms)
 GET /api/admin/order 404 in 2.0s (compile: 469ms, render: 1578ms)
 GET /api/admin/order 404 in 1633ms (compile: 239ms, render: 1394ms)
 GET /api/admin/order 404 in 1621ms (compile: 504ms, render: 1117ms)
 POST /api/auth/_log 404 in 628ms (compile: 169ms, render: 459ms)
 GET /api/admin/order 404 in 354ms (compile: 54ms, render: 299ms)
{ status: 401, message: 'Admin access required' }
 GET /api/admin 401 in 59ms (compile: 21ms, render: 38ms)
 GET /api/admin/order 404 in 377ms (compile: 84ms, render: 293ms)
 GET /api/admin/order 404 in 127ms (compile: 23ms, render: 104ms)
 GET /api/admin/order 404 in 213ms (compile: 45ms, render: 168ms)
{ status: 401, message: 'Admin access required' }
 GET /api/admin 401 in 46ms (compile: 17ms, render: 29ms)
 GET /api/admin/order 404 in 173ms (compile: 64ms, render: 109ms)
{ status: 404, message: 'Account not found' }
 GET /api/baseProfile?email=admin@spiceroute.com 404 in 187ms (compile: 11ms, render: 177ms)
 GET /api/admin/order 404 in 116ms (compile: 31ms, render: 85ms)
 GET /api/admin/order 404 in 152ms (compile: 50ms, render: 103ms)
 GET /api/admin/order 404 in 114ms (compile: 29ms, render: 85ms)
{ status: 401, message: 'Admin access required' }
 GET /api/admin 401 in 78ms (compile: 14ms, render: 64ms)
 GET /api/admin/order 404 in 342ms (compile: 129ms, render: 213ms)
{ status: 401, message: 'Admin access required' }
 GET /api/admin 401 in 81ms (compile: 19ms, render: 62ms)
 GET /api/admin/order 404 in 295ms (compile: 72ms, render: 223ms)
 GET /api/admin/order 404 in 265ms (compile: 84ms, render: 181ms)
 GET /api/admin/order 404 in 184ms (compile: 32ms, render: 152ms)
 GET /api/admin/order 404 in 276ms (compile: 17ms, render: 259ms)
 GET /api/admin/order 404 in 123ms (compile: 23ms, render: 100ms)
 GET /api/admin/order 404 in 170ms (compile: 22ms, render: 148ms)
{ status: 401, message: 'Admin access required' }
 GET /api/admin 401 in 33ms (compile: 11ms, render: 21ms)
 GET /api/admin/order 404 in 402ms (compile: 39ms, render: 364ms)
 GET /api/admin/order 404 in 346ms (compile: 128ms, render: 217ms)
 GET /api/admin/order 404 in 183ms (compile: 25ms, render: 158ms)
 GET /api/admin/order 404 in 97ms (compile: 20ms, render: 76ms)
 GET /api/admin/order 404 in 406ms (compile: 99ms, render: 308ms)
 GET /api/admin/order 404 in 1845ms (compile: 314ms, render: 1531ms)
 GET /api/admin/order 404 in 406ms (compile: 48ms, render: 359ms)
 GET /api/admin/order 404 in 249ms (compile: 48ms, render: 200ms)
 GET /api/admin/order 404 in 256ms (compile: 49ms, render: 207ms)
 GET /api/admin/order 404 in 216ms (compile: 47ms, render: 169ms)
 GET /api/admin/order 404 in 781ms (compile: 44ms, render: 737ms)
 GET /api/admin/order 404 in 349ms (compile: 69ms, render: 280ms)
 GET /api/admin/order 404 in 851ms (compile: 66ms, render: 785ms)
 GET /api/admin/order 404 in 395ms (compile: 63ms, render: 332ms)
 GET /api/admin/order 404 in 144ms (compile: 48ms, render: 96ms)
 GET /api/admin/order 404 in 225ms (compile: 39ms, render: 186ms)
 GET /api/admin/order 404 in 217ms (compile: 60ms, render: 157ms)
{ status: 401, message: 'Admin access required' }
 GET /api/admin 401 in 90ms (compile: 23ms, render: 67ms)
 GET /api/admin/order 404 in 433ms (compile: 270ms, render: 164ms)
 GET /api/admin/order 404 in 106ms (compile: 21ms, render: 84ms)
 GET /api/admin/order 404 in 350ms (compile: 38ms, render: 312ms)
 GET /api/admin/order 404 in 126ms (compile: 45ms, render: 81ms)
 GET /api/admin/order 404 in 376ms (compile: 55ms, render: 321ms)
 GET /api/admin/order 404 in 132ms (compile: 39ms, render: 93ms)
 GET /api/admin/order 404 in 118ms (compile: 28ms, render: 90ms)
{ status: 401, message: 'Admin access required' }
 GET /api/admin 401 in 72ms (compile: 15ms, render: 57ms)
 GET /api/admin/order 404 in 260ms (compile: 99ms, render: 162ms)
 GET /api/admin/order 404 in 811ms (compile: 33ms, render: 778ms)
 GET /api/admin/order 404 in 315ms (compile: 51ms, render: 264ms)
{ status: 401, message: 'Admin access required' }
 GET /api/admin 401 in 84ms (compile: 36ms, render: 48ms)
 GET /api/admin/order 404 in 1297ms (compile: 321ms, render: 976ms)
 GET /api/admin/order 404 in 219ms (compile: 32ms, render: 188ms)
 GET /api/admin/order 404 in 249ms (compile: 71ms, render: 177ms)
 GET /api/admin/order 404 in 193ms (compile: 28ms, render: 165ms)
 GET /api/admin/order 404 in 222ms (compile: 81ms, render: 140ms)
⚠ Found a change in next.config.ts. Restarting the server to apply the changes...
▲ Next.js 16.1.6 (Turbopack)
- Local:         http://localhost:3050
- Network:       http://192.168.31.216:3050
- Environments: .env.local

✓ Starting...
✓ Ready in 5.8s
○ Compiling / ...
 GET / 200 in 35.4s (compile: 27.9s, render: 7.5s)
 GET /setup 404 in 2.1s (compile: 1248ms, render: 834ms)
🍃 Mongo Connection Established
{ status: 401, message: 'Admin access required' }
 GET /api/admin/order 401 in 33.7s (compile: 25.1s, render: 8.6s)
 GET /manifest.webmanifest 200 in 399ms (compile: 368ms, render: 30ms)
 GET /api/auth/session 200 in 10.7s (compile: 10.6s, render: 59ms)
{ status: 401, message: 'Admin access required' }
 GET /api/admin/order 401 in 325ms (compile: 171ms, render: 154ms)
{ status: 401, message: 'Admin access required' }
 GET /api/admin 401 in 558ms (compile: 508ms, render: 50ms)
{ status: 401, message: 'Admin access required' }
 GET /api/admin/order 401 in 44ms (compile: 8ms, render: 36ms)
{ status: 401, message: 'Admin access required' }
 GET /api/admin/order 401 in 51ms (compile: 11ms, render: 40ms)
 GET / 200 in 785ms (compile: 213ms, render: 572ms)
 GET / 200 in 585ms (compile: 19ms, render: 566ms)
 GET / 200 in 531ms (compile: 17ms, render: 514ms)
 GET / 200 in 549ms (compile: 18ms, render: 531ms)
 GET / 200 in 530ms (compile: 14ms, render: 516ms)
 GET / 200 in 729ms (compile: 22ms, render: 707ms)
 GET / 200 in 796ms (compile: 18ms, render: 777ms)
 GET / 200 in 749ms (compile: 25ms, render: 723ms)
 GET / 200 in 808ms (compile: 24ms, render: 784ms)
 GET / 200 in 931ms (compile: 24ms, render: 907ms)
 GET / 200 in 967ms (compile: 42ms, render: 924ms)
 GET / 200 in 995ms (compile: 23ms, render: 972ms)
 GET / 200 in 1025ms (compile: 57ms, render: 968ms)
 GET / 200 in 877ms (compile: 48ms, render: 829ms)
 GET / 200 in 856ms (compile: 30ms, render: 826ms)
 GET / 200 in 941ms (compile: 17ms, render: 924ms)
 GET / 200 in 1151ms (compile: 18ms, render: 1133ms)
 GET / 200 in 1399ms (compile: 46ms, render: 1352ms)
 GET / 200 in 1423ms (compile: 29ms, render: 1394ms)
 GET / 200 in 1253ms (compile: 131ms, render: 1122ms)
 GET / 200 in 1209ms (compile: 49ms, render: 1160ms)
 GET / 200 in 1106ms (compile: 59ms, render: 1047ms)
 GET / 200 in 1033ms (compile: 29ms, render: 1004ms)
 GET / 200 in 927ms (compile: 29ms, render: 898ms)
 GET / 200 in 740ms (compile: 37ms, render: 704ms)
 GET / 200 in 532ms (compile: 75ms, render: 456ms)
 GET / 200 in 338ms (compile: 45ms, render: 293ms)
 GET / 200 in 1299ms (compile: 15ms, render: 1284ms)
 GET / 200 in 1609ms (compile: 108ms, render: 1501ms)
 GET / 200 in 1544ms (compile: 67ms, render: 1477ms)
 GET / 200 in 1641ms (compile: 40ms, render: 1600ms)
 GET / 200 in 1624ms (compile: 34ms, render: 1590ms)
 GET / 200 in 1708ms (compile: 72ms, render: 1637ms)
 GET / 200 in 1348ms (compile: 67ms, render: 1280ms)
 GET / 200 in 971ms (compile: 31ms, render: 939ms)
 GET / 200 in 751ms (compile: 44ms, render: 707ms)
 GET / 200 in 327ms (compile: 80ms, render: 247ms)
 GET / 200 in 1057ms (compile: 43ms, render: 1013ms)
 GET / 200 in 1338ms (compile: 482ms, render: 856ms)
 GET / 200 in 733ms (compile: 57ms, render: 676ms)
 GET / 200 in 670ms (compile: 18ms, render: 652ms)
 GET / 200 in 681ms (compile: 30ms, render: 652ms)
 GET / 200 in 607ms (compile: 19ms, render: 588ms)
 GET / 200 in 655ms (compile: 14ms, render: 641ms)
 GET / 200 in 672ms (compile: 19ms, render: 653ms)
 GET / 200 in 666ms (compile: 15ms, render: 651ms)
 GET / 200 in 718ms (compile: 15ms, render: 702ms)
 GET / 200 in 719ms (compile: 32ms, render: 687ms)
 GET / 200 in 564ms (compile: 20ms, render: 544ms)
 GET / 200 in 549ms (compile: 19ms, render: 530ms)
 GET / 200 in 551ms (compile: 21ms, render: 530ms)
 GET / 200 in 560ms (compile: 15ms, render: 545ms)
 GET / 200 in 590ms (compile: 42ms, render: 548ms)
 GET /api/order/stream 401 in 278ms (compile: 237ms, render: 41ms)
 GET / 200 in 588ms (compile: 20ms, render: 567ms)
 GET / 200 in 634ms (compile: 16ms, render: 618ms)
 GET / 200 in 690ms (compile: 18ms, render: 672ms)
 GET / 200 in 784ms (compile: 32ms, render: 752ms)
 GET / 200 in 712ms (compile: 20ms, render: 693ms)
 GET / 200 in 573ms (compile: 20ms, render: 553ms)
 GET / 200 in 519ms (compile: 26ms, render: 493ms)
 GET / 200 in 516ms (compile: 18ms, render: 498ms)
 GET / 200 in 516ms (compile: 18ms, render: 498ms)
 GET / 200 in 594ms (compile: 16ms, render: 578ms)
 GET / 200 in 602ms (compile: 21ms, render: 581ms)
 GET / 200 in 513ms (compile: 20ms, render: 493ms)
 GET / 200 in 488ms (compile: 17ms, render: 472ms)
 GET / 200 in 488ms (compile: 20ms, render: 468ms)
 GET / 200 in 587ms (compile: 21ms, render: 566ms)
 GET / 200 in 592ms (compile: 19ms, render: 573ms)
 GET / 200 in 643ms (compile: 21ms, render: 622ms)
 GET / 200 in 567ms (compile: 21ms, render: 546ms)
 GET / 200 in 547ms (compile: 15ms, render: 532ms)
 GET / 200 in 590ms (compile: 18ms, render: 572ms)
 GET / 200 in 502ms (compile: 14ms, render: 487ms)
 GET / 200 in 563ms (compile: 33ms, render: 529ms)
 GET / 200 in 593ms (compile: 21ms, render: 572ms)
 GET / 200 in 523ms (compile: 16ms, render: 507ms)
 GET / 200 in 548ms (compile: 13ms, render: 535ms)
 GET / 200 in 569ms (compile: 16ms, render: 552ms)
 GET / 200 in 596ms (compile: 13ms, render: 583ms)
 GET / 200 in 598ms (compile: 38ms, render: 561ms)
 GET / 200 in 626ms (compile: 25ms, render: 601ms)
 GET / 200 in 521ms (compile: 17ms, render: 504ms)
 GET / 200 in 502ms (compile: 28ms, render: 474ms)
 GET / 200 in 470ms (compile: 16ms, render: 453ms)
 GET / 200 in 427ms (compile: 26ms, render: 401ms)
 GET / 200 in 410ms (compile: 21ms, render: 388ms)
 GET / 200 in 500ms (compile: 17ms, render: 483ms)
 GET / 200 in 427ms (compile: 17ms, render: 410ms)
 GET / 200 in 441ms (compile: 14ms, render: 427ms)
 GET / 200 in 501ms (compile: 13ms, render: 488ms)
 GET / 200 in 575ms (compile: 28ms, render: 548ms)
 GET / 200 in 646ms (compile: 17ms, render: 629ms)
 GET / 200 in 862ms (compile: 16ms, render: 846ms)
 GET / 200 in 857ms (compile: 18ms, render: 838ms)
 GET / 200 in 752ms (compile: 35ms, render: 717ms)
 GET / 200 in 697ms (compile: 36ms, render: 661ms)
 GET / 200 in 733ms (compile: 58ms, render: 675ms)
 GET / 200 in 608ms (compile: 18ms, render: 590ms)
 GET / 200 in 524ms (compile: 15ms, render: 510ms)
 GET / 200 in 537ms (compile: 18ms, render: 518ms)
 GET / 200 in 642ms (compile: 23ms, render: 619ms)
 GET / 200 in 646ms (compile: 17ms, render: 629ms)
 GET / 200 in 555ms (compile: 12ms, render: 543ms)
 GET / 200 in 727ms (compile: 17ms, render: 711ms)
 GET / 200 in 646ms (compile: 22ms, render: 624ms)
 GET / 200 in 640ms (compile: 18ms, render: 622ms)
 GET / 200 in 543ms (compile: 19ms, render: 525ms)
 GET / 200 in 516ms (compile: 27ms, render: 489ms)
 GET / 200 in 475ms (compile: 38ms, render: 437ms)
 GET / 200 in 422ms (compile: 23ms, render: 399ms)
 GET / 200 in 652ms (compile: 21ms, render: 631ms)
 GET / 200 in 565ms (compile: 17ms, render: 548ms)
 GET / 200 in 585ms (compile: 13ms, render: 572ms)
 GET / 200 in 488ms (compile: 36ms, render: 453ms)
 GET / 200 in 360ms (compile: 23ms, render: 338ms)
 GET / 200 in 242ms (compile: 25ms, render: 217ms)
 GET / 200 in 133ms (compile: 22ms, render: 111ms)
 GET /api/auth/session 200 in 167ms (compile: 120ms, render: 47ms)
 GET /api/auth/session 200 in 34ms (compile: 7ms, render: 28ms)
 GET / 200 in 468ms (compile: 265ms, render: 203ms)
 GET /setup 200 in 247ms (compile: 185ms, render: 62ms)
✓ Compiled in 203ms
 GET /setup 200 in 60ms (compile: 13ms, render: 47ms)
 GET / 200 in 358ms (compile: 232ms, render: 126ms)
✓ Compiled in 253ms
 GET /setup 200 in 567ms (compile: 11ms, render: 555ms)
 GET / 200 in 498ms (compile: 216ms, render: 282ms)
✓ Compiled in 491ms
 GET /setup 200 in 681ms (compile: 12ms, render: 670ms)
 GET / 200 in 616ms (compile: 431ms, render: 184ms)
 GET /setup 200 in 833ms (compile: 107ms, render: 726ms)
 GET /setup 200 in 626ms (compile: 272ms, render: 354ms)
 GET / 200 in 704ms (compile: 61ms, render: 643ms)
 GET /setup 200 in 374ms (compile: 19ms, render: 354ms)
 GET / 200 in 460ms (compile: 14ms, render: 446ms)
 GET / 200 in 429ms (compile: 35ms, render: 395ms)
 GET /setup 200 in 637ms (compile: 17ms, render: 620ms)
 GET / 200 in 568ms (compile: 19ms, render: 549ms)
 GET /setup 200 in 481ms (compile: 49ms, render: 432ms)
 GET /setup 200 in 420ms (compile: 118ms, render: 302ms)
 GET / 200 in 583ms (compile: 47ms, render: 536ms)
 GET / 200 in 463ms (compile: 25ms, render: 438ms)
 GET /setup 200 in 549ms (compile: 19ms, render: 530ms)
 GET /setup 200 in 490ms (compile: 20ms, render: 471ms)
 GET / 200 in 569ms (compile: 16ms, render: 552ms)
 GET / 200 in 567ms (compile: 86ms, render: 481ms)
 GET /setup 200 in 401ms (compile: 14ms, render: 387ms)
 GET / 200 in 600ms (compile: 22ms, render: 578ms)
 GET /setup 200 in 471ms (compile: 13ms, render: 458ms)
 GET /setup 200 in 514ms (compile: 90ms, render: 423ms)
 GET / 200 in 517ms (compile: 15ms, render: 503ms)
 GET /setup 200 in 334ms (compile: 23ms, render: 311ms)
 GET / 200 in 339ms (compile: 105ms, render: 234ms)
 GET /setup 200 in 148ms (compile: 44ms, render: 104ms)
 GET /setup 200 in 202ms (compile: 39ms, render: 162ms)
 GET / 200 in 333ms (compile: 48ms, render: 285ms)
 GET /setup 200 in 582ms (compile: 137ms, render: 446ms)
 GET / 200 in 595ms (compile: 226ms, render: 369ms)
 GET /setup 200 in 379ms (compile: 20ms, render: 359ms)
 GET / 200 in 487ms (compile: 83ms, render: 403ms)
 GET /setup 200 in 348ms (compile: 14ms, render: 334ms)
 GET / 200 in 536ms (compile: 76ms, render: 460ms)
 GET /setup 200 in 489ms (compile: 14ms, render: 475ms)
 GET /setup 200 in 451ms (compile: 25ms, render: 427ms)
 GET / 200 in 566ms (compile: 22ms, render: 544ms)
 GET /setup 200 in 377ms (compile: 128ms, render: 250ms)
 GET / 200 in 562ms (compile: 24ms, render: 537ms)
 GET /setup 200 in 624ms (compile: 13ms, render: 611ms)
 GET / 200 in 708ms (compile: 23ms, render: 686ms)
 GET /setup 200 in 560ms (compile: 86ms, render: 474ms)
 GET / 200 in 710ms (compile: 18ms, render: 692ms)
 GET /setup 200 in 330ms (compile: 18ms, render: 312ms)
 GET / 200 in 604ms (compile: 112ms, render: 492ms)
 GET /setup 200 in 509ms (compile: 25ms, render: 485ms)
 GET /setup 200 in 359ms (compile: 16ms, render: 342ms)
 GET / 200 in 521ms (compile: 95ms, render: 426ms)
 GET /setup 200 in 391ms (compile: 14ms, render: 377ms)
 GET / 200 in 517ms (compile: 20ms, render: 497ms)
 GET / 200 in 499ms (compile: 73ms, render: 426ms)
 GET /setup 200 in 511ms (compile: 23ms, render: 489ms)
 GET /setup 200 in 438ms (compile: 85ms, render: 352ms)
 GET / 200 in 520ms (compile: 16ms, render: 504ms)
 GET /setup 200 in 373ms (compile: 26ms, render: 347ms)
 GET / 200 in 537ms (compile: 22ms, render: 516ms)
 GET / 200 in 754ms (compile: 15ms, render: 739ms)
 GET /setup 200 in 781ms (compile: 21ms, render: 760ms)
 GET / 200 in 784ms (compile: 20ms, render: 764ms)
 GET /setup 200 in 686ms (compile: 22ms, render: 663ms)
 GET /setup 200 in 607ms (compile: 319ms, render: 289ms)
 GET / 200 in 775ms (compile: 15ms, render: 760ms)
 GET / 200 in 569ms (compile: 23ms, render: 546ms)
 GET /setup 200 in 470ms (compile: 18ms, render: 453ms)
 GET /setup 200 in 410ms (compile: 19ms, render: 391ms)
 GET / 200 in 415ms (compile: 90ms, render: 324ms)
 GET /setup 200 in 269ms (compile: 13ms, render: 255ms)
 GET / 200 in 269ms (compile: 91ms, render: 178ms)
✓ Compiled in 1575ms
 GET /setup 404 in 2.0s (compile: 1434ms, render: 586ms)
 GET / 200 in 2.0s (compile: 991ms, render: 1035ms)
 GET / 200 in 2.2s (compile: 441ms, render: 1740ms)
 GET /setup 200 in 1647ms (compile: 107ms, render: 1540ms)
 GET / 200 in 1648ms (compile: 14ms, render: 1635ms)
 GET / 200 in 1485ms (compile: 20ms, render: 1465ms)
 GET /setup 200 in 1339ms (compile: 16ms, render: 1324ms)
 GET /setup 200 in 1363ms (compile: 99ms, render: 1264ms)
 GET /setup 200 in 1054ms (compile: 65ms, render: 988ms)
 GET / 200 in 1087ms (compile: 286ms, render: 801ms)
 GET /setup 200 in 718ms (compile: 14ms, render: 703ms)
 GET / 200 in 827ms (compile: 104ms, render: 723ms)
 GET /setup 200 in 663ms (compile: 57ms, render: 607ms)
 GET / 200 in 749ms (compile: 180ms, render: 570ms)
 GET /setup 200 in 600ms (compile: 21ms, render: 579ms)
 GET /setup 200 in 505ms (compile: 25ms, render: 480ms)
 GET /setup 200 in 561ms (compile: 15ms, render: 546ms)
 GET / 200 in 751ms (compile: 118ms, render: 633ms)
 GET / 200 in 577ms (compile: 87ms, render: 490ms)
 GET /setup 200 in 401ms (compile: 16ms, render: 384ms)
 GET /manifest.webmanifest 200 in 582ms (compile: 556ms, render: 27ms)
 GET /setup 200 in 999ms (compile: 18ms, render: 981ms)
 GET / 200 in 1117ms (compile: 16ms, render: 1101ms)
 GET /setup 200 in 1174ms (compile: 27ms, render: 1147ms)
 GET /setup 200 in 611ms (compile: 16ms, render: 595ms)
 GET / 200 in 1203ms (compile: 332ms, render: 871ms)
 GET / 200 in 802ms (compile: 102ms, render: 700ms)
 GET /setup 200 in 1313ms (compile: 17ms, render: 1295ms)
 GET / 200 in 1321ms (compile: 117ms, render: 1204ms)
 GET /setup 200 in 1114ms (compile: 57ms, render: 1057ms)
 GET /setup 200 in 1068ms (compile: 286ms, render: 783ms)
 GET / 200 in 1102ms (compile: 68ms, render: 1034ms)
 GET / 200 in 424ms (compile: 23ms, render: 401ms)
 GET /setup 200 in 297ms (compile: 20ms, render: 277ms)
 GET / 200 in 234ms (compile: 37ms, render: 197ms)
 GET /setup 404 in 476ms (compile: 294ms, render: 182ms)
 GET / 200 in 900ms (compile: 129ms, render: 770ms)
 GET /setup 200 in 430ms (compile: 28ms, render: 402ms)
 GET / 200 in 543ms (compile: 20ms, render: 523ms)
 GET /setup 200 in 281ms (compile: 18ms, render: 263ms)
 GET / 200 in 599ms (compile: 129ms, render: 470ms)
 GET / 200 in 548ms (compile: 82ms, render: 466ms)
 GET /setup 200 in 611ms (compile: 17ms, render: 594ms)
 GET /setup 200 in 529ms (compile: 97ms, render: 433ms)
 GET / 200 in 615ms (compile: 23ms, render: 593ms)
 GET /setup 200 in 432ms (compile: 96ms, render: 336ms)
 GET / 200 in 451ms (compile: 18ms, render: 433ms)
 GET / 200 in 1184ms (compile: 34ms, render: 1150ms)
 GET /setup 200 in 1031ms (compile: 15ms, render: 1016ms)
 GET /setup 200 in 946ms (compile: 80ms, render: 865ms)
 GET / 200 in 1273ms (compile: 27ms, render: 1246ms)
 GET / 200 in 1205ms (compile: 254ms, render: 951ms)
 GET /setup 200 in 2.1s (compile: 32ms, render: 2.0s)
 GET / 200 in 2.1s (compile: 118ms, render: 1932ms)
 GET /setup 200 in 1624ms (compile: 452ms, render: 1172ms)
 GET /setup 200 in 450ms (compile: 23ms, render: 427ms)
 GET / 200 in 1648ms (compile: 828ms, render: 820ms)
 GET /api/auth/session 200 in 3.7s (compile: 3.4s, render: 216ms)
 GET /setup 200 in 633ms (compile: 98ms, render: 536ms)
 GET / 200 in 1144ms (compile: 520ms, render: 624ms)
 GET /setup 200 in 448ms (compile: 116ms, render: 331ms)
 GET / 200 in 591ms (compile: 26ms, render: 565ms)
 GET /setup 200 in 461ms (compile: 104ms, render: 357ms)
 GET / 200 in 640ms (compile: 18ms, render: 622ms)
 GET /api/auth/session 200 in 275ms (compile: 22ms, render: 254ms)
 GET / 200 in 777ms (compile: 26ms, render: 751ms)
 GET /setup 200 in 635ms (compile: 52ms, render: 583ms)
 GET /setup 200 in 363ms (compile: 17ms, render: 346ms)
 GET / 200 in 543ms (compile: 43ms, render: 500ms)
 GET /setup 200 in 569ms (compile: 88ms, render: 481ms)
 GET / 200 in 585ms (compile: 19ms, render: 566ms)
 GET /setup 200 in 697ms (compile: 60ms, render: 636ms)
 GET / 200 in 708ms (compile: 240ms, render: 467ms)
 GET /setup 200 in 449ms (compile: 85ms, render: 365ms)
 GET / 200 in 638ms (compile: 14ms, render: 624ms)
 GET /setup 200 in 524ms (compile: 19ms, render: 505ms)
 GET / 200 in 765ms (compile: 110ms, render: 655ms)
 GET /setup 200 in 684ms (compile: 12ms, render: 672ms)
 GET /setup 200 in 589ms (compile: 111ms, render: 478ms)
 GET / 200 in 790ms (compile: 24ms, render: 766ms)
 GET /setup 200 in 449ms (compile: 13ms, render: 435ms)
 GET / 200 in 700ms (compile: 28ms, render: 672ms)
 GET / 200 in 695ms (compile: 27ms, render: 668ms)
 GET /setup 200 in 660ms (compile: 19ms, render: 641ms)
 GET / 200 in 680ms (compile: 12ms, render: 668ms)
 GET /setup 200 in 539ms (compile: 25ms, render: 514ms)
 GET /setup 200 in 730ms (compile: 114ms, render: 616ms)
 GET / 200 in 886ms (compile: 26ms, render: 860ms)
 GET / 200 in 965ms (compile: 16ms, render: 949ms)
 GET /setup 200 in 885ms (compile: 13ms, render: 873ms)
 GET /setup 200 in 1062ms (compile: 193ms, render: 869ms)
 GET / 200 in 1127ms (compile: 144ms, render: 983ms)
 GET / 200 in 1197ms (compile: 57ms, render: 1140ms)
 GET /setup 200 in 1050ms (compile: 42ms, render: 1008ms)
 GET /setup 200 in 838ms (compile: 30ms, render: 808ms)
 GET / 200 in 1059ms (compile: 72ms, render: 987ms)
 GET /setup 200 in 509ms (compile: 52ms, render: 457ms)
 GET / 200 in 717ms (compile: 73ms, render: 645ms)
 GET /setup 200 in 505ms (compile: 19ms, render: 486ms)
 GET / 200 in 628ms (compile: 106ms, render: 522ms)
 GET /setup 200 in 557ms (compile: 10ms, render: 547ms)
 GET / 200 in 742ms (compile: 15ms, render: 727ms)
 GET /setup 200 in 693ms (compile: 10ms, render: 684ms)
 GET / 200 in 695ms (compile: 20ms, render: 675ms)
 GET /setup 200 in 618ms (compile: 15ms, render: 603ms)
 GET / 200 in 497ms (compile: 21ms, render: 476ms)
 GET /setup 200 in 498ms (compile: 47ms, render: 451ms)
 GET /setup 404 in 598ms (compile: 320ms, render: 278ms)
 GET / 404 in 953ms (compile: 217ms, render: 736ms)
 GET /setup 200 in 526ms (compile: 15ms, render: 511ms)
 GET / 200 in 887ms (compile: 88ms, render: 798ms)
 GET /setup 200 in 682ms (compile: 37ms, render: 645ms)
 GET / 200 in 875ms (compile: 127ms, render: 747ms)
 GET /setup 200 in 929ms (compile: 12ms, render: 916ms)
 GET /setup 200 in 1516ms (compile: 64ms, render: 1452ms)
 GET / 200 in 1561ms (compile: 175ms, render: 1386ms)
 GET /setup 200 in 1228ms (compile: 89ms, render: 1139ms)
 GET /setup 200 in 502ms (compile: 39ms, render: 463ms)
 GET / 200 in 801ms (compile: 117ms, render: 684ms)
 GET / 200 in 1704ms (compile: 38ms, render: 1667ms)
 GET /api/auth/session 200 in 189ms (compile: 169ms, render: 20ms)
 GET / 200 in 759ms (compile: 33ms, render: 726ms)
 GET /setup 200 in 654ms (compile: 44ms, render: 610ms)
 GET / 200 in 631ms (compile: 133ms, render: 498ms)
{ status: 401, message: 'Admin access required' }
 GET /api/admin/order 401 in 1823ms (compile: 618ms, render: 1205ms)
{ status: 401, message: 'Admin access required' }
 GET /api/admin 401 in 1865ms (compile: 1477ms, render: 388ms)
 GET /setup 200 in 2.2s (compile: 98ms, render: 2.1s)
 GET /setup 200 in 1885ms (compile: 47ms, render: 1838ms)
 GET / 200 in 2.1s (compile: 67ms, render: 1988ms)
{ status: 401, message: 'Admin access required' }
 GET /api/admin/order 401 in 439ms (compile: 276ms, render: 163ms)
 GET / 200 in 2.3s (compile: 155ms, render: 2.1s)
{ status: 401, message: 'Admin access required' }
 GET /api/admin/order 401 in 59ms (compile: 30ms, render: 29ms)
 GET /api/order/stream 401 in 622ms (compile: 554ms, render: 68ms)
 GET /api/auth/session 200 in 123ms (compile: 9ms, render: 114ms)
 GET /setup 200 in 1324ms (compile: 55ms, render: 1269ms)
 GET / 200 in 1421ms (compile: 172ms, render: 1249ms)
 GET /setup 200 in 1067ms (compile: 131ms, render: 936ms)
 GET / 200 in 1144ms (compile: 26ms, render: 1118ms)
 GET / 200 in 572ms (compile: 26ms, render: 546ms)
 GET /setup 200 in 476ms (compile: 16ms, render: 460ms)
 GET / 200 in 546ms (compile: 24ms, render: 522ms)
 GET /setup 200 in 454ms (compile: 12ms, render: 442ms)
 GET /setup 200 in 307ms (compile: 49ms, render: 257ms)
 GET / 200 in 489ms (compile: 19ms, render: 469ms)
 GET /setup 200 in 494ms (compile: 72ms, render: 422ms)
 GET / 200 in 504ms (compile: 12ms, render: 492ms)
 GET /setup 200 in 505ms (compile: 14ms, render: 491ms)
 GET / 200 in 614ms (compile: 16ms, render: 597ms)
 GET /setup 200 in 376ms (compile: 17ms, render: 359ms)
 GET / 200 in 523ms (compile: 15ms, render: 508ms)
 GET / 200 in 608ms (compile: 15ms, render: 593ms)
 GET /setup 200 in 486ms (compile: 51ms, render: 435ms)
 GET /setup 200 in 387ms (compile: 13ms, render: 374ms)
 GET / 200 in 464ms (compile: 14ms, render: 450ms)
 GET /setup 200 in 306ms (compile: 80ms, render: 226ms)
 GET / 200 in 398ms (compile: 14ms, render: 384ms)
 GET /setup 200 in 478ms (compile: 74ms, render: 404ms)
 GET / 200 in 490ms (compile: 15ms, render: 476ms)
 GET /setup 200 in 409ms (compile: 21ms, render: 389ms)
 GET / 200 in 498ms (compile: 22ms, render: 476ms)
 GET /setup 200 in 254ms (compile: 15ms, render: 239ms)
 GET / 200 in 563ms (compile: 72ms, render: 491ms)
 GET /setup 200 in 383ms (compile: 15ms, render: 368ms)
 GET / 200 in 466ms (compile: 16ms, render: 450ms)
 GET /setup 200 in 403ms (compile: 86ms, render: 317ms)
 GET / 200 in 500ms (compile: 18ms, render: 482ms)
 GET /setup 200 in 422ms (compile: 85ms, render: 337ms)
 GET / 200 in 555ms (compile: 19ms, render: 536ms)
 GET /setup 200 in 506ms (compile: 16ms, render: 490ms)
 GET / 200 in 593ms (compile: 13ms, render: 579ms)
 GET /setup 200 in 486ms (compile: 16ms, render: 470ms)
 GET / 200 in 575ms (compile: 14ms, render: 561ms)
 GET /setup 200 in 379ms (compile: 13ms, render: 366ms)
 GET / 200 in 506ms (compile: 36ms, render: 470ms)
 GET /setup 200 in 429ms (compile: 84ms, render: 345ms)
 GET / 200 in 436ms (compile: 14ms, render: 422ms)
 GET /setup 200 in 292ms (compile: 15ms, render: 278ms)
 GET / 200 in 421ms (compile: 14ms, render: 407ms)
 GET / 200 in 372ms (compile: 16ms, render: 356ms)
 GET / 200 in 430ms (compile: 10ms, render: 420ms)
 GET / 200 in 552ms (compile: 18ms, render: 534ms)
 GET / 200 in 477ms (compile: 21ms, render: 455ms)
 GET / 200 in 399ms (compile: 14ms, render: 385ms)
 GET / 200 in 336ms (compile: 17ms, render: 319ms)
 GET / 200 in 221ms (compile: 25ms, render: 196ms)
 GET / 200 in 121ms (compile: 44ms, render: 77ms)
 GET /setup 200 in 930ms (compile: 136ms, render: 795ms)
 GET /setup 200 in 676ms (compile: 204ms, render: 472ms)
 GET / 200 in 745ms (compile: 86ms, render: 660ms)
 GET /setup 200 in 483ms (compile: 76ms, render: 407ms)
 GET / 200 in 634ms (compile: 19ms, render: 616ms)
 GET / 200 in 766ms (compile: 68ms, render: 698ms)
 GET /setup 200 in 674ms (compile: 13ms, render: 661ms)
 GET /setup 200 in 616ms (compile: 13ms, render: 603ms)
 GET / 200 in 696ms (compile: 14ms, render: 681ms)
 GET /setup 200 in 426ms (compile: 39ms, render: 387ms)
 GET / 200 in 632ms (compile: 77ms, render: 555ms)
 GET / 200 in 486ms (compile: 15ms, render: 471ms)
 GET /setup 200 in 489ms (compile: 26ms, render: 463ms)
 GET /setup 200 in 404ms (compile: 24ms, render: 379ms)
 GET / 200 in 482ms (compile: 16ms, render: 466ms)
 GET /setup 200 in 335ms (compile: 75ms, render: 260ms)
 GET / 200 in 411ms (compile: 14ms, render: 396ms)
 GET / 200 in 426ms (compile: 16ms, render: 410ms)
 GET / 200 in 337ms (compile: 13ms, render: 323ms)
 GET / 200 in 413ms (compile: 14ms, render: 399ms)
 GET / 200 in 526ms (compile: 13ms, render: 512ms)
 GET / 200 in 561ms (compile: 19ms, render: 542ms)
 GET / 200 in 575ms (compile: 25ms, render: 550ms)
 GET /setup 200 in 484ms (compile: 14ms, render: 470ms)
 GET / 200 in 578ms (compile: 16ms, render: 563ms)
 GET / 200 in 454ms (compile: 31ms, render: 424ms)
 GET /setup 200 in 356ms (compile: 25ms, render: 331ms)
 GET / 200 in 260ms (compile: 16ms, render: 244ms)
 GET /setup 200 in 195ms (compile: 15ms, render: 180ms)
 GET / 404 in 2.1s (compile: 313ms, render: 1772ms)
 GET /setup 404 in 2.6s (compile: 395ms, render: 2.2s)
 GET /setup 200 in 2.3s (compile: 146ms, render: 2.2s)
 GET / 200 in 2.5s (compile: 12ms, render: 2.4s)
 GET / 200 in 2.8s (compile: 35ms, render: 2.7s)
 GET / 200 in 3.2s (compile: 130ms, render: 3.1s)
 GET /setup 200 in 1980ms (compile: 178ms, render: 1802ms)
 GET /setup 200 in 1598ms (compile: 114ms, render: 1484ms)
 GET / 404 in 419ms (compile: 347ms, render: 72ms)
{ status: 401, message: 'Admin access required' }
 GET /api/admin/order 401 in 519ms (compile: 339ms, render: 180ms)
 GET / 200 in 2.2s (compile: 367ms, render: 1808ms)
 GET /setup 200 in 1693ms (compile: 325ms, render: 1368ms)
 GET /api/order/stream 404 in 984ms (compile: 190ms, render: 795ms)
{ status: 401, message: 'Admin access required' }
 GET /api/admin/order 401 in 116ms (compile: 11ms, render: 105ms)
 GET /api/auth/session 200 in 98ms (compile: 71ms, render: 27ms)
 GET /api/auth/session 404 in 1301ms (compile: 53ms, render: 1249ms)
 GET /setup 200 in 626ms (compile: 9ms, render: 617ms)
 GET /api/admin 404 in 1288ms (compile: 440ms, render: 848ms)
{ status: 401, message: 'Admin access required' }
 GET /api/admin/order 401 in 37ms (compile: 10ms, render: 27ms)
 GET / 200 in 727ms (compile: 147ms, render: 580ms)
 GET /api/auth/session 200 in 91ms (compile: 7ms, render: 84ms)
 GET /setup 200 in 554ms (compile: 10ms, render: 545ms)
 GET / 200 in 479ms (compile: 17ms, render: 462ms)
 GET /api/auth/session 200 in 55ms (compile: 19ms, render: 36ms)
 GET /setup 200 in 478ms (compile: 21ms, render: 457ms)
 GET / 200 in 486ms (compile: 13ms, render: 474ms)
 GET /setup 200 in 405ms (compile: 12ms, render: 393ms)
 GET / 200 in 474ms (compile: 81ms, render: 392ms)
 GET /setup 200 in 497ms (compile: 16ms, render: 481ms)
 GET / 200 in 505ms (compile: 39ms, render: 466ms)
 GET /setup 200 in 432ms (compile: 21ms, render: 411ms)
 GET /setup 200 in 354ms (compile: 29ms, render: 325ms)
 GET / 200 in 450ms (compile: 23ms, render: 427ms)
 GET / 200 in 501ms (compile: 15ms, render: 486ms)
 GET /setup 200 in 647ms (compile: 22ms, render: 625ms)
 GET /setup 200 in 538ms (compile: 16ms, render: 522ms)
 GET / 200 in 620ms (compile: 11ms, render: 609ms)
 GET /setup 200 in 342ms (compile: 34ms, render: 308ms)
 GET / 200 in 645ms (compile: 29ms, render: 616ms)
 GET / 200 in 554ms (compile: 15ms, render: 539ms)
 GET /setup 200 in 454ms (compile: 11ms, render: 443ms)
 GET /setup 200 in 456ms (compile: 100ms, render: 355ms)
 GET / 200 in 629ms (compile: 22ms, render: 606ms)
 GET /setup 200 in 448ms (compile: 21ms, render: 427ms)
 GET / 200 in 676ms (compile: 104ms, render: 572ms)
 GET /setup 200 in 526ms (compile: 17ms, render: 509ms)
 GET /setup 200 in 503ms (compile: 20ms, render: 482ms)
 GET / 200 in 613ms (compile: 24ms, render: 589ms)
 GET /setup 200 in 453ms (compile: 25ms, render: 429ms)
 GET / 200 in 557ms (compile: 98ms, render: 459ms)
 GET /setup 200 in 461ms (compile: 24ms, render: 437ms)
 GET / 200 in 559ms (compile: 12ms, render: 547ms)
 GET /setup 200 in 555ms (compile: 11ms, render: 544ms)
 GET / 200 in 644ms (compile: 14ms, render: 631ms)
 GET /setup 200 in 574ms (compile: 27ms, render: 548ms)
 GET /setup 200 in 608ms (compile: 96ms, render: 512ms)
 GET / 200 in 624ms (compile: 23ms, render: 601ms)
 GET / 200 in 509ms (compile: 13ms, render: 496ms)
 GET /setup 200 in 324ms (compile: 74ms, render: 249ms)
 GET /setup 404 in 1658ms (compile: 1139ms, render: 519ms)
 GET / 200 in 1751ms (compile: 904ms, render: 847ms)
 GET /setup 200 in 426ms (compile: 95ms, render: 331ms)
 GET / 200 in 527ms (compile: 17ms, render: 510ms)
 GET /setup 200 in 454ms (compile: 165ms, render: 289ms)
 GET / 200 in 588ms (compile: 14ms, render: 574ms)
 GET /setup 200 in 423ms (compile: 23ms, render: 400ms)
 GET / 200 in 524ms (compile: 23ms, render: 501ms)
 GET /setup 200 in 333ms (compile: 84ms, render: 249ms)
 GET / 200 in 559ms (compile: 17ms, render: 542ms)
 GET /setup 200 in 351ms (compile: 49ms, render: 302ms)
 GET / 200 in 491ms (compile: 15ms, render: 476ms)
 GET /setup 200 in 397ms (compile: 18ms, render: 379ms)
 GET / 200 in 477ms (compile: 14ms, render: 463ms)
 GET /setup 200 in 394ms (compile: 17ms, render: 377ms)
 GET / 200 in 555ms (compile: 87ms, render: 468ms)
 GET /setup 200 in 445ms (compile: 15ms, render: 429ms)
 GET / 200 in 544ms (compile: 15ms, render: 529ms)
 GET /setup 200 in 642ms (compile: 76ms, render: 566ms)
 GET / 200 in 658ms (compile: 17ms, render: 641ms)
 GET /setup 200 in 613ms (compile: 107ms, render: 507ms)
 GET / 200 in 698ms (compile: 30ms, render: 668ms)
 GET /setup 200 in 489ms (compile: 26ms, render: 462ms)
 GET / 200 in 789ms (compile: 27ms, render: 762ms)
 GET /setup 200 in 436ms (compile: 20ms, render: 415ms)
 GET / 200 in 555ms (compile: 26ms, render: 529ms)
 GET / 200 in 354ms (compile: 22ms, render: 333ms)
 GET /setup 200 in 242ms (compile: 77ms, render: 165ms)
✓ Compiled in 293ms
 GET /setup 200 in 923ms (compile: 138ms, render: 785ms)
 GET /setup 200 in 285ms (compile: 27ms, render: 258ms)
 GET / 200 in 970ms (compile: 509ms, render: 460ms)
 GET / 200 in 344ms (compile: 62ms, render: 282ms)
 GET /setup 200 in 234ms (compile: 18ms, render: 216ms)
 GET / 200 in 402ms (compile: 63ms, render: 339ms)
 GET /setup 200 in 440ms (compile: 18ms, render: 422ms)
 GET /setup 200 in 373ms (compile: 76ms, render: 297ms)
 GET / 200 in 464ms (compile: 17ms, render: 447ms)
 GET /setup 200 in 411ms (compile: 72ms, render: 339ms)
 GET / 200 in 426ms (compile: 15ms, render: 411ms)
 GET / 200 in 502ms (compile: 15ms, render: 486ms)
 GET /setup 200 in 528ms (compile: 28ms, render: 500ms)
 GET /setup 200 in 493ms (compile: 18ms, render: 475ms)
 GET / 200 in 573ms (compile: 16ms, render: 557ms)
 GET /setup 200 in 352ms (compile: 17ms, render: 335ms)
 GET / 200 in 447ms (compile: 14ms, render: 433ms)
 GET / 200 in 663ms (compile: 25ms, render: 638ms)
 GET /setup 200 in 659ms (compile: 30ms, render: 630ms)
 GET /setup 200 in 584ms (compile: 124ms, render: 460ms)
 GET / 200 in 595ms (compile: 22ms, render: 572ms)
 GET /setup 200 in 385ms (compile: 101ms, render: 284ms)
 GET / 200 in 477ms (compile: 27ms, render: 450ms)
 GET / 200 in 552ms (compile: 27ms, render: 524ms)
 GET /setup 200 in 468ms (compile: 16ms, render: 452ms)
 GET /setup 200 in 419ms (compile: 23ms, render: 396ms)
 GET / 200 in 577ms (compile: 19ms, render: 558ms)
 GET /setup 200 in 476ms (compile: 11ms, render: 465ms)
 GET / 200 in 606ms (compile: 65ms, render: 542ms)
 GET /setup 200 in 499ms (compile: 18ms, render: 481ms)
 GET / 200 in 599ms (compile: 31ms, render: 568ms)
 GET /setup 200 in 420ms (compile: 75ms, render: 345ms)
 GET / 200 in 453ms (compile: 17ms, render: 436ms)
 GET /setup 200 in 317ms (compile: 96ms, render: 221ms)
 GET / 200 in 765ms (compile: 51ms, render: 714ms)
 GET /setup 200 in 473ms (compile: 57ms, render: 416ms)
 GET / 200 in 476ms (compile: 380ms, render: 96ms)
 GET /setup 200 in 383ms (compile: 41ms, render: 342ms)
 GET /setup 200 in 245ms (compile: 13ms, render: 232ms)
 GET / 200 in 390ms (compile: 90ms, render: 300ms)
 GET /setup 200 in 203ms (compile: 12ms, render: 191ms)
 GET / 200 in 414ms (compile: 61ms, render: 353ms)
 GET / 200 in 399ms (compile: 52ms, render: 348ms)
 GET /setup 200 in 516ms (compile: 13ms, render: 503ms)
 GET /setup 200 in 450ms (compile: 67ms, render: 383ms)
 GET / 200 in 503ms (compile: 13ms, render: 490ms)
 GET /setup 200 in 381ms (compile: 96ms, render: 285ms)
 GET / 200 in 453ms (compile: 21ms, render: 432ms)
 GET / 200 in 334ms (compile: 19ms, render: 316ms)
 GET /setup 200 in 385ms (compile: 13ms, render: 372ms)
 GET /setup 200 in 331ms (compile: 20ms, render: 311ms)
 GET / 200 in 401ms (compile: 15ms, render: 386ms)
 GET /setup 200 in 215ms (compile: 15ms, render: 199ms)
 GET / 200 in 341ms (compile: 58ms, render: 283ms)
 GET / 200 in 382ms (compile: 11ms, render: 371ms)
 GET /setup 200 in 416ms (compile: 16ms, render: 400ms)
 GET /setup 200 in 437ms (compile: 75ms, render: 362ms)
 GET / 200 in 449ms (compile: 18ms, render: 431ms)
 GET /setup 200 in 317ms (compile: 53ms, render: 264ms)
 GET / 200 in 572ms (compile: 12ms, render: 559ms)
 GET / 200 in 611ms (compile: 16ms, render: 595ms)
 GET /setup 200 in 511ms (compile: 22ms, render: 489ms)
 GET /setup 200 in 428ms (compile: 35ms, render: 393ms)
 GET / 200 in 576ms (compile: 25ms, render: 550ms)
 GET / 200 in 442ms (compile: 117ms, render: 325ms)
 GET /setup 200 in 254ms (compile: 13ms, render: 241ms)
 GET /setup 200 in 469ms (compile: 10ms, render: 458ms)
 GET / 200 in 574ms (compile: 16ms, render: 558ms)
 GET /setup 200 in 601ms (compile: 218ms, render: 383ms)
 GET / 200 in 625ms (compile: 24ms, render: 601ms)
 GET /setup 200 in 336ms (compile: 58ms, render: 277ms)
 GET / 200 in 436ms (compile: 9ms, render: 427ms)
 GET /setup 200 in 587ms (compile: 95ms, render: 492ms)
 GET / 200 in 596ms (compile: 16ms, render: 580ms)
 GET / 200 in 669ms (compile: 19ms, render: 649ms)
 GET /setup 200 in 578ms (compile: 24ms, render: 555ms)
 GET / 200 in 580ms (compile: 85ms, render: 496ms)
 GET /setup 200 in 418ms (compile: 27ms, render: 392ms)
 GET / 200 in 631ms (compile: 19ms, render: 612ms)
 GET /setup 200 in 520ms (compile: 36ms, render: 485ms)
[redis] UPSTASH_REDIS_REST_URL not configured — using in-memory fallback. For multi-instance deployments, configure Upstash or self-hosted Redis.
 POST /api/auth/_log 200 in 471ms (compile: 214ms, render: 257ms)
 GET /setup 200 in 1067ms (compile: 125ms, render: 942ms)
 GET / 200 in 1086ms (compile: 34ms, render: 1052ms)
 GET / 200 in 952ms (compile: 18ms, render: 934ms)
 GET /setup 200 in 1002ms (compile: 227ms, render: 775ms)
 GET / 200 in 585ms (compile: 38ms, render: 547ms)
 GET /setup 200 in 425ms (compile: 28ms, render: 398ms)
 GET /setup 200 in 495ms (compile: 17ms, render: 478ms)
 GET / 200 in 601ms (compile: 16ms, render: 585ms)
 GET / 200 in 649ms (compile: 27ms, render: 622ms)
 GET /setup 200 in 661ms (compile: 22ms, render: 639ms)
 GET /setup 200 in 559ms (compile: 107ms, render: 452ms)
 GET / 200 in 635ms (compile: 21ms, render: 614ms)
 GET /setup 200 in 579ms (compile: 105ms, render: 475ms)
 GET / 200 in 588ms (compile: 18ms, render: 570ms)
 GET / 200 in 689ms (compile: 40ms, render: 649ms)
 GET /setup 200 in 579ms (compile: 11ms, render: 569ms)
 GET /setup 200 in 640ms (compile: 16ms, render: 624ms)
 GET / 200 in 731ms (compile: 16ms, render: 715ms)
 GET /setup 200 in 645ms (compile: 149ms, render: 496ms)
 GET / 200 in 738ms (compile: 17ms, render: 721ms)
 GET /setup 200 in 629ms (compile: 101ms, render: 528ms)
 GET / 200 in 639ms (compile: 16ms, render: 623ms)
 GET /setup 200 in 575ms (compile: 92ms, render: 483ms)
 GET / 200 in 633ms (compile: 17ms, render: 615ms)
 GET /setup 200 in 556ms (compile: 34ms, render: 522ms)
 GET / 200 in 670ms (compile: 30ms, render: 639ms)
 GET /setup 200 in 670ms (compile: 14ms, render: 655ms)
 GET / 200 in 689ms (compile: 101ms, render: 588ms)
 GET /setup 200 in 590ms (compile: 21ms, render: 569ms)
 GET / 200 in 914ms (compile: 20ms, render: 893ms)
 GET /setup 200 in 795ms (compile: 21ms, render: 774ms)
 GET / 200 in 1181ms (compile: 108ms, render: 1074ms)
 GET /setup 200 in 1120ms (compile: 55ms, render: 1064ms)
 GET /setup 200 in 1020ms (compile: 83ms, render: 937ms)
 GET / 200 in 1224ms (compile: 39ms, render: 1185ms)
 GET /setup 200 in 979ms (compile: 23ms, render: 956ms)
 GET / 200 in 1250ms (compile: 122ms, render: 1128ms)
 GET / 200 in 1199ms (compile: 20ms, render: 1179ms)
 GET /setup 200 in 1075ms (compile: 24ms, render: 1051ms)
 GET /setup 200 in 1103ms (compile: 304ms, render: 799ms)
 GET / 200 in 1109ms (compile: 27ms, render: 1083ms)
 GET /setup 200 in 823ms (compile: 156ms, render: 667ms)
 GET / 200 in 846ms (compile: 15ms, render: 830ms)
 GET /setup 200 in 608ms (compile: 142ms, render: 466ms)
 GET / 200 in 646ms (compile: 67ms, render: 579ms)
 GET /setup 200 in 595ms (compile: 20ms, render: 575ms)
 GET / 200 in 605ms (compile: 105ms, render: 500ms)
 GET /setup 200 in 508ms (compile: 11ms, render: 497ms)
 GET / 200 in 586ms (compile: 22ms, render: 564ms)
 GET /setup 200 in 470ms (compile: 15ms, render: 455ms)
 GET / 200 in 551ms (compile: 19ms, render: 531ms)
 GET /setup 200 in 436ms (compile: 18ms, render: 419ms)
 GET /setup 200 in 456ms (compile: 20ms, render: 436ms)
 GET / 200 in 546ms (compile: 20ms, render: 526ms)
 GET /setup 200 in 671ms (compile: 15ms, render: 657ms)
 GET / 200 in 762ms (compile: 15ms, render: 747ms)
 GET /setup 200 in 644ms (compile: 16ms, render: 628ms)
 GET / 200 in 775ms (compile: 18ms, render: 757ms)
 GET /setup 200 in 517ms (compile: 24ms, render: 494ms)
 GET / 200 in 803ms (compile: 93ms, render: 709ms)
 GET /setup 200 in 661ms (compile: 97ms, render: 564ms)
 GET / 200 in 668ms (compile: 18ms, render: 650ms)
 GET /setup 200 in 643ms (compile: 118ms, render: 526ms)
 GET / 200 in 661ms (compile: 18ms, render: 643ms)
 GET /setup 200 in 458ms (compile: 27ms, render: 432ms)
 GET / 200 in 586ms (compile: 32ms, render: 554ms)
 GET /setup 200 in 452ms (compile: 16ms, render: 435ms)
 GET / 200 in 539ms (compile: 14ms, render: 525ms)
 GET /setup 200 in 489ms (compile: 15ms, render: 473ms)
 GET / 200 in 578ms (compile: 14ms, render: 563ms)
 GET /setup 200 in 412ms (compile: 80ms, render: 333ms)
 GET / 200 in 423ms (compile: 13ms, render: 410ms)
 GET /setup 200 in 319ms (compile: 98ms, render: 221ms)
 GET / 200 in 418ms (compile: 14ms, render: 405ms)
✓ Compiled in 659ms
 GET /setup 404 in 1056ms (compile: 532ms, render: 524ms)
 GET / 200 in 1193ms (compile: 554ms, render: 639ms)
 GET /setup 200 in 425ms (compile: 18ms, render: 407ms)
 GET / 200 in 1106ms (compile: 14ms, render: 1092ms)
 GET /setup 200 in 1518ms (compile: 62ms, render: 1456ms)
 GET / 200 in 1643ms (compile: 16ms, render: 1627ms)
 GET /setup 200 in 877ms (compile: 379ms, render: 498ms)
 GET / 200 in 1163ms (compile: 68ms, render: 1096ms)
 GET /setup 200 in 1751ms (compile: 29ms, render: 1722ms)
 GET /setup 200 in 387ms (compile: 45ms, render: 342ms)
 GET / 200 in 648ms (compile: 47ms, render: 601ms)
 GET / 200 in 778ms (compile: 120ms, render: 658ms)
 GET /api/auth/session 200 in 155ms (compile: 132ms, render: 23ms)
 GET /setup 200 in 507ms (compile: 63ms, render: 444ms)
 GET / 200 in 687ms (compile: 145ms, render: 542ms)
 GET /setup 200 in 445ms (compile: 19ms, render: 426ms)
 GET / 200 in 756ms (compile: 85ms, render: 670ms)
 GET /setup 200 in 859ms (compile: 32ms, render: 827ms)
 GET / 200 in 897ms (compile: 138ms, render: 759ms)
 GET /setup 200 in 691ms (compile: 49ms, render: 642ms)
 GET /setup 200 in 492ms (compile: 56ms, render: 437ms)
 GET / 200 in 771ms (compile: 61ms, render: 710ms)
 GET / 200 in 844ms (compile: 49ms, render: 795ms)
 GET /setup 200 in 745ms (compile: 47ms, render: 698ms)
 GET /setup 200 in 693ms (compile: 122ms, render: 571ms)
 GET / 200 in 711ms (compile: 34ms, render: 677ms)
 GET /setup 200 in 461ms (compile: 127ms, render: 334ms)
 GET / 200 in 564ms (compile: 34ms, render: 531ms)
 GET / 200 in 543ms (compile: 24ms, render: 518ms)
 GET /setup 200 in 437ms (compile: 14ms, render: 423ms)
 GET /setup 200 in 462ms (compile: 39ms, render: 424ms)
 GET / 200 in 559ms (compile: 15ms, render: 544ms)
 GET /setup 200 in 294ms (compile: 16ms, render: 278ms)
 GET / 200 in 622ms (compile: 102ms, render: 519ms)
 GET /setup 200 in 517ms (compile: 14ms, render: 503ms)
 GET / 200 in 882ms (compile: 64ms, render: 818ms)
 GET /setup 200 in 687ms (compile: 27ms, render: 660ms)
 GET / 200 in 854ms (compile: 112ms, render: 742ms)
 GET /setup 200 in 746ms (compile: 14ms, render: 732ms)
 GET / 200 in 709ms (compile: 86ms, render: 623ms)
 GET /setup 200 in 516ms (compile: 22ms, render: 494ms)
 GET / 200 in 530ms (compile: 90ms, render: 440ms)
 GET /setup 200 in 430ms (compile: 14ms, render: 416ms)
 GET / 200 in 570ms (compile: 16ms, render: 554ms)
 GET /setup 200 in 474ms (compile: 15ms, render: 459ms)
 GET / 200 in 562ms (compile: 12ms, render: 550ms)
 GET /setup 200 in 471ms (compile: 12ms, render: 459ms)
 GET /setup 200 in 550ms (compile: 112ms, render: 438ms)
 GET / 200 in 565ms (compile: 14ms, render: 552ms)
 GET /setup 200 in 511ms (compile: 96ms, render: 415ms)
 GET / 200 in 524ms (compile: 15ms, render: 509ms)
 GET /setup 200 in 389ms (compile: 13ms, render: 376ms)
 GET / 200 in 477ms (compile: 12ms, render: 465ms)
 GET /api/auth/session 200 in 137ms (compile: 18ms, render: 118ms)
 GET /setup 200 in 539ms (compile: 12ms, render: 527ms)
 GET / 200 in 614ms (compile: 14ms, render: 600ms)
 GET / 200 in 458ms (compile: 15ms, render: 444ms)
 GET /setup 200 in 523ms (compile: 18ms, render: 506ms)
 GET /setup 200 in 363ms (compile: 15ms, render: 348ms)
 GET / 200 in 535ms (compile: 19ms, render: 516ms)
 GET /setup 200 in 657ms (compile: 21ms, render: 636ms)
 GET / 200 in 671ms (compile: 119ms, render: 551ms)
 GET /setup 200 in 495ms (compile: 11ms, render: 483ms)
 GET / 200 in 700ms (compile: 33ms, render: 667ms)
 GET /setup 200 in 555ms (compile: 129ms, render: 426ms)
 GET / 200 in 628ms (compile: 29ms, render: 599ms)
 GET /setup 200 in 439ms (compile: 14ms, render: 425ms)
 GET / 200 in 542ms (compile: 24ms, render: 518ms)
 GET / 200 in 449ms (compile: 105ms, render: 344ms)
 GET /setup 200 in 626ms (compile: 11ms, render: 616ms)
 GET / 200 in 674ms (compile: 17ms, render: 657ms)
 GET /setup 200 in 581ms (compile: 10ms, render: 571ms)
 GET /setup 200 in 566ms (compile: 89ms, render: 477ms)
 GET / 200 in 587ms (compile: 17ms, render: 570ms)
 GET / 200 in 426ms (compile: 115ms, render: 311ms)
 GET /setup 200 in 196ms (compile: 14ms, render: 182ms)
✓ Compiled in 280ms
 GET /setup 200 in 972ms (compile: 147ms, render: 824ms)
 GET /setup 200 in 310ms (compile: 14ms, render: 296ms)
 GET / 200 in 983ms (compile: 475ms, render: 508ms)
 GET /setup 200 in 210ms (compile: 19ms, render: 191ms)
 GET / 200 in 485ms (compile: 81ms, render: 403ms)
 GET / 200 in 325ms (compile: 80ms, render: 245ms)
 GET /setup 200 in 365ms (compile: 13ms, render: 353ms)
 GET /setup 200 in 302ms (compile: 15ms, render: 288ms)
 GET /setup 200 in 418ms (compile: 16ms, render: 402ms)
 GET / 200 in 539ms (compile: 63ms, render: 476ms)
 GET /setup 200 in 441ms (compile: 11ms, render: 430ms)
 GET / 200 in 500ms (compile: 11ms, render: 489ms)
 GET /setup 200 in 353ms (compile: 23ms, render: 330ms)
 GET / 200 in 526ms (compile: 14ms, render: 512ms)
 GET /setup 200 in 422ms (compile: 60ms, render: 362ms)
 GET /setup 200 in 324ms (compile: 69ms, render: 255ms)
 GET / 200 in 440ms (compile: 12ms, render: 429ms)
 GET / 200 in 518ms (compile: 10ms, render: 507ms)
 GET /setup 200 in 542ms (compile: 94ms, render: 448ms)
 GET / 200 in 550ms (compile: 13ms, render: 537ms)
 GET /setup 200 in 367ms (compile: 15ms, render: 353ms)
 GET / 200 in 486ms (compile: 21ms, render: 464ms)
 GET / 200 in 485ms (compile: 102ms, render: 382ms)
 GET /setup 200 in 315ms (compile: 12ms, render: 303ms)
 GET /setup 200 in 326ms (compile: 9ms, render: 317ms)
 GET / 200 in 390ms (compile: 13ms, render: 376ms)
 GET /setup 200 in 390ms (compile: 73ms, render: 317ms)
 GET / 200 in 401ms (compile: 22ms, render: 379ms)
 GET /setup 200 in 322ms (compile: 12ms, render: 310ms)
 GET / 200 in 388ms (compile: 70ms, render: 318ms)
 GET /setup 200 in 386ms (compile: 11ms, render: 376ms)
 GET / 200 in 415ms (compile: 10ms, render: 405ms)
 GET /setup 200 in 344ms (compile: 9ms, render: 334ms)
 GET /setup 200 in 373ms (compile: 19ms, render: 354ms)
 GET / 200 in 437ms (compile: 13ms, render: 424ms)
 GET / 200 in 449ms (compile: 14ms, render: 435ms)
 GET /setup 200 in 409ms (compile: 21ms, render: 389ms)
 GET /setup 200 in 385ms (compile: 90ms, render: 295ms)
 GET / 200 in 391ms (compile: 16ms, render: 374ms)
 GET /setup 200 in 331ms (compile: 12ms, render: 320ms)
 GET / 200 in 408ms (compile: 14ms, render: 394ms)
 GET / 200 in 400ms (compile: 12ms, render: 388ms)
 GET /setup 200 in 356ms (compile: 11ms, render: 345ms)
 GET /setup 200 in 397ms (compile: 31ms, render: 366ms)
 GET / 200 in 461ms (compile: 15ms, render: 445ms)
 GET /setup 200 in 431ms (compile: 68ms, render: 363ms)
 GET / 200 in 438ms (compile: 16ms, render: 422ms)
 GET / 200 in 464ms (compile: 21ms, render: 443ms)
 GET /setup 200 in 368ms (compile: 12ms, render: 356ms)
 GET /setup 200 in 365ms (compile: 10ms, render: 355ms)
 GET / 200 in 456ms (compile: 17ms, render: 439ms)
 GET /setup 200 in 347ms (compile: 17ms, render: 329ms)
 GET / 200 in 439ms (compile: 18ms, render: 421ms)
 GET /setup 200 in 373ms (compile: 93ms, render: 280ms)
 GET / 200 in 430ms (compile: 14ms, render: 416ms)
 GET /setup 200 in 516ms (compile: 62ms, render: 454ms)
 GET / 200 in 526ms (compile: 15ms, render: 511ms)
 GET /setup 200 in 458ms (compile: 34ms, render: 424ms)
 GET / 200 in 528ms (compile: 16ms, render: 512ms)
 GET / 200 in 517ms (compile: 14ms, render: 502ms)
 GET /setup 200 in 397ms (compile: 50ms, render: 347ms)
 GET /setup 200 in 347ms (compile: 8ms, render: 339ms)
 GET / 200 in 422ms (compile: 14ms, render: 407ms)
 GET /setup 200 in 387ms (compile: 13ms, render: 375ms)
 GET / 200 in 461ms (compile: 15ms, render: 446ms)
 GET /setup 200 in 447ms (compile: 69ms, render: 378ms)
 GET / 200 in 458ms (compile: 17ms, render: 441ms)
 GET /setup 200 in 454ms (compile: 95ms, render: 359ms)
 GET / 200 in 466ms (compile: 18ms, render: 448ms)
 GET /setup 200 in 426ms (compile: 69ms, render: 357ms)
 GET / 200 in 435ms (compile: 14ms, render: 421ms)
 GET /setup 200 in 339ms (compile: 37ms, render: 302ms)
 GET / 200 in 428ms (compile: 19ms, render: 409ms)
 GET / 200 in 644ms (compile: 16ms, render: 628ms)
 GET /setup 200 in 574ms (compile: 14ms, render: 560ms)
 GET /setup 200 in 1081ms (compile: 15ms, render: 1066ms)
 GET / 200 in 1141ms (compile: 14ms, render: 1127ms)
 GET /setup 200 in 906ms (compile: 41ms, render: 865ms)
 GET / 200 in 1515ms (compile: 27ms, render: 1488ms)
 GET /setup 200 in 1589ms (compile: 462ms, render: 1127ms)
 GET / 200 in 1985ms (compile: 66ms, render: 1920ms)
 GET /setup 200 in 1897ms (compile: 54ms, render: 1843ms)
 GET / 200 in 1901ms (compile: 304ms, render: 1597ms)
 GET /setup 200 in 1401ms (compile: 43ms, render: 1358ms)
 GET / 200 in 1230ms (compile: 42ms, render: 1187ms)
 GET /setup 200 in 562ms (compile: 255ms, render: 308ms)
 GET / 200 in 534ms (compile: 25ms, render: 509ms)
 GET /setup 200 in 551ms (compile: 162ms, render: 389ms)
 GET / 200 in 554ms (compile: 61ms, render: 493ms)
 GET /setup 200 in 333ms (compile: 89ms, render: 244ms)
 GET / 200 in 422ms (compile: 15ms, render: 407ms)
 GET /setup 200 in 405ms (compile: 15ms, render: 390ms)
 GET / 200 in 492ms (compile: 21ms, render: 471ms)
 GET /setup 200 in 277ms (compile: 21ms, render: 256ms)
 GET / 200 in 362ms (compile: 13ms, render: 349ms)
 GET / 200 in 292ms (compile: 137ms, render: 156ms)
 GET /setup 200 in 530ms (compile: 98ms, render: 432ms)
 GET /setup 200 in 289ms (compile: 12ms, render: 277ms)
 GET / 200 in 524ms (compile: 158ms, render: 366ms)
 GET /setup 200 in 203ms (compile: 13ms, render: 190ms)
 GET / 200 in 360ms (compile: 75ms, render: 285ms)
 GET / 200 in 371ms (compile: 55ms, render: 317ms)
 GET /setup 200 in 386ms (compile: 15ms, render: 370ms)
 GET /setup 200 in 332ms (compile: 68ms, render: 264ms)
 GET / 200 in 402ms (compile: 19ms, render: 382ms)
 GET /setup 200 in 238ms (compile: 16ms, render: 222ms)
 GET / 200 in 416ms (compile: 11ms, render: 405ms)
 GET / 200 in 433ms (compile: 17ms, render: 416ms)
 GET /setup 200 in 634ms (compile: 15ms, render: 618ms)
 GET /setup 200 in 558ms (compile: 14ms, render: 544ms)
 GET / 200 in 638ms (compile: 14ms, render: 624ms)
 GET /setup 200 in 457ms (compile: 14ms, render: 444ms)
 GET / 200 in 591ms (compile: 13ms, render: 578ms)
 GET / 200 in 698ms (compile: 179ms, render: 519ms)
 GET /setup 200 in 483ms (compile: 13ms, render: 470ms)
 GET /setup 200 in 482ms (compile: 79ms, render: 403ms)
 GET / 200 in 495ms (compile: 22ms, render: 473ms)
 GET /setup 200 in 340ms (compile: 71ms, render: 270ms)
 GET / 200 in 497ms (compile: 15ms, render: 482ms)
 GET / 200 in 458ms (compile: 17ms, render: 441ms)
 GET /setup 200 in 378ms (compile: 11ms, render: 366ms)
 GET /setup 200 in 371ms (compile: 18ms, render: 353ms)
 GET / 200 in 466ms (compile: 16ms, render: 450ms)
 GET / 200 in 380ms (compile: 76ms, render: 304ms)
 GET /setup 200 in 326ms (compile: 9ms, render: 318ms)
 GET /setup 200 in 468ms (compile: 14ms, render: 454ms)
 GET / 200 in 558ms (compile: 15ms, render: 543ms)
 GET /setup 200 in 589ms (compile: 108ms, render: 481ms)
 GET / 200 in 607ms (compile: 17ms, render: 590ms)
 GET /setup 200 in 427ms (compile: 20ms, render: 407ms)
 GET / 200 in 499ms (compile: 11ms, render: 488ms)
 GET /setup 200 in 503ms (compile: 18ms, render: 484ms)
 GET / 200 in 591ms (compile: 25ms, render: 566ms)
 GET /setup 200 in 595ms (compile: 23ms, render: 571ms)
 GET / 200 in 700ms (compile: 35ms, render: 665ms)
 GET /setup 200 in 630ms (compile: 29ms, render: 602ms)
 GET / 200 in 714ms (compile: 14ms, render: 701ms)
 GET /setup 200 in 760ms (compile: 142ms, render: 618ms)
 GET / 200 in 773ms (compile: 22ms, render: 751ms)
 GET /setup 200 in 585ms (compile: 17ms, render: 568ms)
 GET / 200 in 594ms (compile: 104ms, render: 490ms)
 GET /setup 200 in 486ms (compile: 12ms, render: 473ms)
 GET / 200 in 665ms (compile: 108ms, render: 557ms)
 GET /setup 200 in 436ms (compile: 19ms, render: 417ms)
 GET / 200 in 650ms (compile: 10ms, render: 640ms)
 GET /setup 200 in 634ms (compile: 27ms, render: 607ms)
 GET /setup 200 in 454ms (compile: 16ms, render: 438ms)
 GET / 200 in 619ms (compile: 22ms, render: 597ms)
 GET /setup 200 in 476ms (compile: 101ms, render: 375ms)
 GET / 200 in 612ms (compile: 15ms, render: 597ms)
 GET / 200 in 449ms (compile: 13ms, render: 437ms)
 GET /setup 200 in 386ms (compile: 15ms, render: 371ms)
 GET /setup 200 in 456ms (compile: 114ms, render: 342ms)
 GET / 200 in 465ms (compile: 13ms, render: 452ms)
 GET /setup 200 in 358ms (compile: 68ms, render: 290ms)
 GET / 200 in 421ms (compile: 20ms, render: 401ms)
 GET /setup 200 in 345ms (compile: 20ms, render: 325ms)
 GET / 200 in 436ms (compile: 13ms, render: 422ms)
 GET / 200 in 370ms (compile: 11ms, render: 359ms)
 GET / 200 in 380ms (compile: 14ms, render: 366ms)
 GET / 200 in 322ms (compile: 14ms, render: 308ms)
 GET / 200 in 250ms (compile: 18ms, render: 232ms)
 GET / 200 in 174ms (compile: 12ms, render: 162ms)
 GET / 200 in 92ms (compile: 13ms, render: 79ms)
✓ Compiled in 365ms
✓ Compiled in 290ms
 GET /setup 200 in 600ms (compile: 25ms, render: 575ms)
 GET / 200 in 487ms (compile: 295ms, render: 192ms)
✓ Compiled in 348ms
✓ Compiled in 364ms
⚠ Found a change in next.config.ts. Restarting the server to apply the changes...
▲ Next.js 16.1.6 (Turbopack)
- Local:         http://localhost:3050
- Network:       http://192.168.31.216:3050
- Environments: .env.local
- Experiments (use with caution):
  · serverActions

✓ Starting...
✓ Ready in 3.7s
○ Compiling /setup ...
(node:2064) [MONGOOSE] Warning: Duplicate schema index on {"invoiceNumber":1} found. This is often due to declaring an index using both "index: true" and "schema.index()". Please remove the duplicate index definition.
(Use `node --trace-warnings ...` to show where the warning was created)
 GET /setup 200 in 25.6s (compile: 18.6s, render: 7.1s)
 GET / 200 in 25.6s (compile: 19.1s, render: 6.6s)
(node:2064) [MONGOOSE] Warning: Duplicate schema index on {"invoiceNumber":1} found. This is often due to declaring an index using both "index: true" and "schema.index()". Please remove the duplicate index definition.
🍃 Mongo Connection Established
{ status: 401, message: 'Admin access required' }
 GET /api/admin 401 in 1351ms (compile: 190ms, render: 1161ms)
{ status: 401, message: 'Admin access required' }
 GET /api/admin/order 401 in 1092ms (compile: 219ms, render: 874ms)
{ status: 401, message: 'Admin access required' }
 GET /api/admin/order 401 in 59ms (compile: 15ms, render: 44ms)
 GET /api/order/stream 401 in 1051ms (compile: 970ms, render: 81ms)
(node:10856) [MONGOOSE] Warning: Duplicate schema index on {"invoiceNumber":1} found. This is often due to declaring an index using both "index: true" and "schema.index()". Please remove the duplicate index definition.
(Use `node --trace-warnings ...` to show where the warning was created)
 GET /api/auth/session 200 in 9.0s (compile: 9.0s, render: 31ms)
 GET /api/auth/session 200 in 134ms (compile: 60ms, render: 74ms)
 GET /api/auth/session 200 in 39ms (compile: 9ms, render: 31ms)
(node:11960) [MONGOOSE] Warning: Duplicate schema index on {"invoiceNumber":1} found. This is often due to declaring an index using both "index: true" and "schema.index()". Please remove the duplicate index definition.
(Use `node --trace-warnings ...` to show where the warning was created)
